0 info it worked if it ends with ok
1 verbose cli [ 'C:\\Program Files\\nodejs\\node.exe',
1 verbose cli   'C:\\Program Files\\nodejs\\node_modules\\npm\\bin\\npm-cli.js',
1 verbose cli   'install',
1 verbose cli   'angular' ]
2 info using npm@3.6.0
3 info using node@v5.6.0
4 silly loadCurrentTree Starting
5 silly install loadCurrentTree
6 silly install readLocalPackageData
7 silly fetchPackageMetaData angular
8 silly fetchNamedPackageData angular
9 silly mapToRegistry name angular
10 silly mapToRegistry using default registry
11 silly mapToRegistry registry https://registry.npmjs.org/
12 silly mapToRegistry uri https://registry.npmjs.org/angular
13 verbose request uri https://registry.npmjs.org/angular
14 verbose request no auth needed
15 info attempt registry request try #1 at 2:06:04 PM
16 verbose request id 54c8a7c5b848ef1c
17 verbose etag "2KRA6LAO0D6H4BQQQJY9XKKX5"
18 http request GET https://registry.npmjs.org/angular
19 http 200 https://registry.npmjs.org/angular
20 verbose headers { server: 'CouchDB/1.5.0 (Erlang OTP/R16B03)',
20 verbose headers   etag: '"EISE7N06L4LJK3QZNNL6HXAWH"',
20 verbose headers   'content-type': 'application/json',
20 verbose headers   'cache-control': 'max-age=300',
20 verbose headers   'content-length': '117482',
20 verbose headers   'accept-ranges': 'bytes',
20 verbose headers   date: 'Tue, 08 Mar 2016 12:05:04 GMT',
20 verbose headers   via: '1.1 varnish',
20 verbose headers   age: '156',
20 verbose headers   connection: 'keep-alive',
20 verbose headers   'x-served-by': 'cache-lcy1128-LCY',
20 verbose headers   'x-cache': 'HIT',
20 verbose headers   'x-cache-hits': '1',
20 verbose headers   'x-timer': 'S1457438704.896657,VS0,VE0',
20 verbose headers   vary: 'Accept' }
21 silly get cb [ 200,
21 silly get   { server: 'CouchDB/1.5.0 (Erlang OTP/R16B03)',
21 silly get     etag: '"EISE7N06L4LJK3QZNNL6HXAWH"',
21 silly get     'content-type': 'application/json',
21 silly get     'cache-control': 'max-age=300',
21 silly get     'content-length': '117482',
21 silly get     'accept-ranges': 'bytes',
21 silly get     date: 'Tue, 08 Mar 2016 12:05:04 GMT',
21 silly get     via: '1.1 varnish',
21 silly get     age: '156',
21 silly get     connection: 'keep-alive',
21 silly get     'x-served-by': 'cache-lcy1128-LCY',
21 silly get     'x-cache': 'HIT',
21 silly get     'x-cache-hits': '1',
21 silly get     'x-timer': 'S1457438704.896657,VS0,VE0',
21 silly get     vary: 'Accept' } ]
22 verbose get saving angular to C:\Users\ocalvo\AppData\Roaming\npm-cache\registry.npmjs.org\angular\.cache.json
23 verbose correctMkdir C:\Users\ocalvo\AppData\Roaming\npm-cache correctMkdir not in flight; initializing
24 silly install normalizeTree
25 silly loadCurrentTree Finishing
26 silly loadIdealTree Starting
27 silly install loadIdealTree
28 silly cloneCurrentTree Starting
29 silly install cloneCurrentTreeToIdealTree
30 silly cloneCurrentTree Finishing
31 silly loadShrinkwrap Starting
32 silly install loadShrinkwrap
33 silly loadShrinkwrap Finishing
34 silly loadAllDepsIntoIdealTree Starting
35 silly install loadAllDepsIntoIdealTree
36 silly resolveWithNewModule angular@1.5.0 checking installable status
37 silly cache add args [ 'angular', null ]
38 verbose cache add spec angular
39 silly cache add parsed spec Result {
39 silly cache add   raw: 'angular',
39 silly cache add   scope: null,
39 silly cache add   name: 'angular',
39 silly cache add   rawSpec: '',
39 silly cache add   spec: 'latest',
39 silly cache add   type: 'tag' }
40 silly addNamed angular@latest
41 verbose addNamed "latest" is being treated as a dist-tag for angular
42 info addNameTag [ 'angular', 'latest' ]
43 silly mapToRegistry name angular
44 silly mapToRegistry using default registry
45 silly mapToRegistry registry https://registry.npmjs.org/
46 silly mapToRegistry uri https://registry.npmjs.org/angular
47 verbose addNameTag registry:https://registry.npmjs.org/angular not in flight; fetching
48 verbose get https://registry.npmjs.org/angular not expired, no request
49 silly addNameTag next cb for angular with tag latest
50 silly addNamed angular@1.5.0
51 verbose addNamed "1.5.0" is a plain semver version for angular
52 silly cache afterAdd angular@1.5.0
53 verbose afterAdd C:\Users\ocalvo\AppData\Roaming\npm-cache\angular\1.5.0\package\package.json not in flight; writing
54 verbose correctMkdir C:\Users\ocalvo\AppData\Roaming\npm-cache correctMkdir not in flight; initializing
55 verbose afterAdd C:\Users\ocalvo\AppData\Roaming\npm-cache\angular\1.5.0\package\package.json written
56 silly loadAllDepsIntoIdealTree Finishing
57 silly idealTree:prePrune 14 jQuery
57 silly idealTree:prePrune +-- angular@1.5.0
57 silly idealTree:prePrune `-- jquery@2.2.1
58 silly loadIdealTree Finishing
59 silly currentTree 14 jQuery
59 silly currentTree `-- jquery@2.2.1
60 silly idealTree 14 jQuery
60 silly idealTree +-- angular@1.5.0
60 silly idealTree `-- jquery@2.2.1
61 silly generateActionsToTake Starting
62 silly install generateActionsToTake
63 silly generateActionsToTake Finishing
64 silly diffTrees action count 2
65 silly diffTrees add angular@1.5.0
66 silly diffTrees update jquery@2.2.1
67 silly decomposeActions action count 16
68 silly decomposeActions fetch angular@1.5.0
69 silly decomposeActions extract angular@1.5.0
70 silly decomposeActions test angular@1.5.0
71 silly decomposeActions preinstall angular@1.5.0
72 silly decomposeActions build angular@1.5.0
73 silly decomposeActions install angular@1.5.0
74 silly decomposeActions postinstall angular@1.5.0
75 silly decomposeActions finalize angular@1.5.0
76 silly decomposeActions fetch jquery@2.2.1
77 silly decomposeActions extract jquery@2.2.1
78 silly decomposeActions test jquery@2.2.1
79 silly decomposeActions preinstall jquery@2.2.1
80 silly decomposeActions build jquery@2.2.1
81 silly decomposeActions install jquery@2.2.1
82 silly decomposeActions postinstall jquery@2.2.1
83 silly decomposeActions finalize jquery@2.2.1
84 silly executeActions Starting
85 silly install executeActions
86 silly doSerial global-install 0
87 silly doParallel fetch 2
88 verbose correctMkdir C:\Users\ocalvo\AppData\Roaming\npm-cache\_locks correctMkdir not in flight; initializing
89 verbose lock using C:\Users\ocalvo\AppData\Roaming\npm-cache\_locks\staging-4b5600e5f126e81e.lock for C:\BY\Samples\01 JavaScript Pitfalls\14 jQuery\node_modules\.staging
90 silly doParallel extract 2
91 silly extract angular@1.5.0
92 silly extract jquery@2.2.1
93 verbose unbuild node_modules\.staging\jquery-a0c65282
94 silly gentlyRm C:\BY\Samples\01 JavaScript Pitfalls\14 jQuery\node_modules\.staging\jquery-a0c65282 is being purged from base C:\BY\Samples\01 JavaScript Pitfalls\14 jQuery
95 verbose gentlyRm don't care about contents; nuking C:\BY\Samples\01 JavaScript Pitfalls\14 jQuery\node_modules\.staging\jquery-a0c65282
96 verbose unbuild node_modules\.staging\angular-e0ceaebe
97 verbose tar unpack C:\Users\ocalvo\AppData\Roaming\npm-cache\jquery\2.2.1\package.tgz
98 verbose tar unpacking to C:\BY\Samples\01 JavaScript Pitfalls\14 jQuery\node_modules\.staging\jquery-a0c65282
99 silly gentlyRm C:\BY\Samples\01 JavaScript Pitfalls\14 jQuery\node_modules\.staging\jquery-a0c65282 is being purged
100 verbose gentlyRm don't care about contents; nuking C:\BY\Samples\01 JavaScript Pitfalls\14 jQuery\node_modules\.staging\jquery-a0c65282
101 silly gunzTarPerm modes [ '777', '666' ]
102 silly gentlyRm C:\BY\Samples\01 JavaScript Pitfalls\14 jQuery\node_modules\.staging\angular-e0ceaebe is being purged from base C:\BY\Samples\01 JavaScript Pitfalls\14 jQuery
103 verbose gentlyRm don't care about contents; nuking C:\BY\Samples\01 JavaScript Pitfalls\14 jQuery\node_modules\.staging\angular-e0ceaebe
104 verbose tar unpack C:\Users\ocalvo\AppData\Roaming\npm-cache\angular\1.5.0\package.tgz
105 verbose tar unpacking to C:\BY\Samples\01 JavaScript Pitfalls\14 jQuery\node_modules\.staging\angular-e0ceaebe
106 silly gentlyRm C:\BY\Samples\01 JavaScript Pitfalls\14 jQuery\node_modules\.staging\angular-e0ceaebe is being purged
107 verbose gentlyRm don't care about contents; nuking C:\BY\Samples\01 JavaScript Pitfalls\14 jQuery\node_modules\.staging\angular-e0ceaebe
108 silly gunzTarPerm modes [ '777', '666' ]
109 silly gunzTarPerm extractEntry package.json
110 silly gunzTarPerm modified mode [ 'package.json', 420, 438 ]
111 silly gunzTarPerm extractEntry package.json
112 silly gunzTarPerm modified mode [ 'package.json', 420, 438 ]
113 silly gunzTarPerm extractEntry README.md
114 silly gunzTarPerm modified mode [ 'README.md', 420, 438 ]
115 silly gunzTarPerm extractEntry AUTHORS.txt
116 silly gunzTarPerm modified mode [ 'AUTHORS.txt', 420, 438 ]
117 silly gunzTarPerm extractEntry README.md
118 silly gunzTarPerm modified mode [ 'README.md', 420, 438 ]
119 silly gunzTarPerm extractEntry angular.js
120 silly gunzTarPerm modified mode [ 'angular.js', 420, 438 ]
121 silly gunzTarPerm extractEntry LICENSE.txt
122 silly gunzTarPerm modified mode [ 'LICENSE.txt', 420, 438 ]
123 silly gunzTarPerm extractEntry bower.json
124 silly gunzTarPerm modified mode [ 'bower.json', 420, 438 ]
125 silly gunzTarPerm extractEntry dist/jquery.js
126 silly gunzTarPerm modified mode [ 'dist/jquery.js', 420, 438 ]
127 silly gunzTarPerm extractEntry dist/jquery.min.js
128 silly gunzTarPerm modified mode [ 'dist/jquery.min.js', 420, 438 ]
129 silly gunzTarPerm extractEntry dist/jquery.slim.js
130 silly gunzTarPerm modified mode [ 'dist/jquery.slim.js', 420, 438 ]
131 silly gunzTarPerm extractEntry dist/jquery.slim.min.js
132 silly gunzTarPerm modified mode [ 'dist/jquery.slim.min.js', 420, 438 ]
133 silly gunzTarPerm extractEntry dist/jquery.min.map
134 silly gunzTarPerm modified mode [ 'dist/jquery.min.map', 420, 438 ]
135 silly gunzTarPerm extractEntry dist/jquery.slim.min.map
136 silly gunzTarPerm modified mode [ 'dist/jquery.slim.min.map', 420, 438 ]
137 silly gunzTarPerm extractEntry src/wrap.js
138 silly gunzTarPerm modified mode [ 'src/wrap.js', 420, 438 ]
139 silly gunzTarPerm extractEntry src/css.js
140 silly gunzTarPerm modified mode [ 'src/css.js', 420, 438 ]
141 silly gunzTarPerm extractEntry angular.min.js
142 silly gunzTarPerm modified mode [ 'angular.min.js', 420, 438 ]
143 silly gunzTarPerm extractEntry src/selector.js
144 silly gunzTarPerm modified mode [ 'src/selector.js', 420, 438 ]
145 silly gunzTarPerm extractEntry src/data.js
146 silly gunzTarPerm modified mode [ 'src/data.js', 420, 438 ]
147 silly gunzTarPerm extractEntry src/serialize.js
148 silly gunzTarPerm modified mode [ 'src/serialize.js', 420, 438 ]
149 silly gunzTarPerm extractEntry index.js
150 silly gunzTarPerm modified mode [ 'index.js', 420, 438 ]
151 silly gunzTarPerm extractEntry angular-csp.css
152 silly gunzTarPerm modified mode [ 'angular-csp.css', 420, 438 ]
153 silly gunzTarPerm extractEntry angular.min.js.gzip
154 silly gunzTarPerm modified mode [ 'angular.min.js.gzip', 420, 438 ]
155 silly gunzTarPerm extractEntry angular.min.js.map
156 silly gunzTarPerm modified mode [ 'angular.min.js.map', 420, 438 ]
157 silly gunzTarPerm extractEntry src/deferred.js
158 silly gunzTarPerm modified mode [ 'src/deferred.js', 420, 438 ]
159 silly gunzTarPerm extractEntry src/deprecated.js
160 silly gunzTarPerm modified mode [ 'src/deprecated.js', 420, 438 ]
161 silly gunzTarPerm extractEntry src/dimensions.js
162 silly gunzTarPerm modified mode [ 'src/dimensions.js', 420, 438 ]
163 silly gunzTarPerm extractEntry src/selector-native.js
164 silly gunzTarPerm modified mode [ 'src/selector-native.js', 420, 438 ]
165 silly gunzTarPerm extractEntry src/effects.js
166 silly gunzTarPerm modified mode [ 'src/effects.js', 420, 438 ]
167 silly gunzTarPerm extractEntry src/core.js
168 silly gunzTarPerm modified mode [ 'src/core.js', 420, 438 ]
169 silly gunzTarPerm extractEntry src/queue.js
170 silly gunzTarPerm modified mode [ 'src/queue.js', 420, 438 ]
171 silly gunzTarPerm extractEntry src/support.js
172 silly gunzTarPerm modified mode [ 'src/support.js', 420, 438 ]
173 silly gunzTarPerm extractEntry src/outro.js
174 silly gunzTarPerm modified mode [ 'src/outro.js', 420, 438 ]
175 silly gunzTarPerm extractEntry src/callbacks.js
176 silly gunzTarPerm modified mode [ 'src/callbacks.js', 420, 438 ]
177 silly gunzTarPerm extractEntry src/offset.js
178 silly gunzTarPerm modified mode [ 'src/offset.js', 420, 438 ]
179 silly gunzTarPerm extractEntry src/attributes.js
180 silly gunzTarPerm modified mode [ 'src/attributes.js', 420, 438 ]
181 silly gunzTarPerm extractEntry src/intro.js
182 silly gunzTarPerm modified mode [ 'src/intro.js', 420, 438 ]
183 silly gunzTarPerm extractEntry src/traversing.js
184 silly gunzTarPerm modified mode [ 'src/traversing.js', 420, 438 ]
185 silly gunzTarPerm extractEntry bower.json
186 silly gunzTarPerm modified mode [ 'bower.json', 420, 438 ]
187 silly gunzTarPerm extractEntry src/jquery.js
188 silly gunzTarPerm modified mode [ 'src/jquery.js', 420, 438 ]
189 silly gunzTarPerm extractEntry src/ajax.js
190 silly gunzTarPerm modified mode [ 'src/ajax.js', 420, 438 ]
191 silly gunzTarPerm extractEntry src/manipulation.js
192 silly gunzTarPerm modified mode [ 'src/manipulation.js', 420, 438 ]
193 silly gunzTarPerm extractEntry src/selector-sizzle.js
194 silly gunzTarPerm modified mode [ 'src/selector-sizzle.js', 420, 438 ]
195 silly gunzTarPerm extractEntry src/event.js
196 silly gunzTarPerm modified mode [ 'src/event.js', 420, 438 ]
197 silly gunzTarPerm extractEntry src/data/Data.js
198 silly gunzTarPerm modified mode [ 'src/data/Data.js', 420, 438 ]
199 silly gunzTarPerm extractEntry src/data/accepts.js
200 silly gunzTarPerm modified mode [ 'src/data/accepts.js', 420, 438 ]
201 silly gunzTarPerm extractEntry src/data/support.js
202 silly gunzTarPerm modified mode [ 'src/data/support.js', 420, 438 ]
203 silly gunzTarPerm extractEntry src/data/var/acceptData.js
204 silly gunzTarPerm modified mode [ 'src/data/var/acceptData.js', 420, 438 ]
205 silly gunzTarPerm extractEntry src/data/var/dataPriv.js
206 silly gunzTarPerm modified mode [ 'src/data/var/dataPriv.js', 420, 438 ]
207 silly gunzTarPerm extractEntry src/data/var/dataUser.js
208 silly gunzTarPerm modified mode [ 'src/data/var/dataUser.js', 420, 438 ]
209 silly gunzTarPerm extractEntry src/manipulation/_evalUrl.js
210 silly gunzTarPerm modified mode [ 'src/manipulation/_evalUrl.js', 420, 438 ]
211 silly gunzTarPerm extractEntry src/manipulation/buildFragment.js
212 silly gunzTarPerm modified mode [ 'src/manipulation/buildFragment.js', 420, 438 ]
213 silly gunzTarPerm extractEntry src/manipulation/createSafeFragment.js
214 silly gunzTarPerm modified mode [ 'src/manipulation/createSafeFragment.js', 420, 438 ]
215 silly gunzTarPerm extractEntry src/manipulation/getAll.js
216 silly gunzTarPerm modified mode [ 'src/manipulation/getAll.js', 420, 438 ]
217 silly gunzTarPerm extractEntry src/manipulation/setGlobalEval.js
218 silly gunzTarPerm modified mode [ 'src/manipulation/setGlobalEval.js', 420, 438 ]
219 silly gunzTarPerm extractEntry src/manipulation/support.js
220 silly gunzTarPerm modified mode [ 'src/manipulation/support.js', 420, 438 ]
221 silly gunzTarPerm extractEntry src/manipulation/wrapMap.js
222 silly gunzTarPerm modified mode [ 'src/manipulation/wrapMap.js', 420, 438 ]
223 silly gunzTarPerm extractEntry src/manipulation/var/nodeNames.js
224 silly gunzTarPerm modified mode [ 'src/manipulation/var/nodeNames.js', 420, 438 ]
225 silly gunzTarPerm extractEntry src/manipulation/var/rcheckableType.js
226 silly gunzTarPerm modified mode [ 'src/manipulation/var/rcheckableType.js', 420, 438 ]
227 silly gunzTarPerm extractEntry src/manipulation/var/rleadingWhitespace.js
228 silly gunzTarPerm modified mode [ 'src/manipulation/var/rleadingWhitespace.js', 420, 438 ]
229 silly gunzTarPerm extractEntry src/manipulation/var/rscriptType.js
230 silly gunzTarPerm modified mode [ 'src/manipulation/var/rscriptType.js', 420, 438 ]
231 silly gunzTarPerm extractEntry src/manipulation/var/rtagName.js
232 silly gunzTarPerm modified mode [ 'src/manipulation/var/rtagName.js', 420, 438 ]
233 silly gunzTarPerm extractEntry src/ajax/jsonp.js
234 silly gunzTarPerm modified mode [ 'src/ajax/jsonp.js', 420, 438 ]
235 silly gunzTarPerm extractEntry src/ajax/load.js
236 silly gunzTarPerm modified mode [ 'src/ajax/load.js', 420, 438 ]
237 silly gunzTarPerm extractEntry src/ajax/parseJSON.js
238 silly gunzTarPerm modified mode [ 'src/ajax/parseJSON.js', 420, 438 ]
239 silly gunzTarPerm extractEntry src/ajax/parseXML.js
240 silly gunzTarPerm modified mode [ 'src/ajax/parseXML.js', 420, 438 ]
241 silly gunzTarPerm extractEntry src/ajax/script.js
242 silly gunzTarPerm modified mode [ 'src/ajax/script.js', 420, 438 ]
243 silly gunzTarPerm extractEntry src/ajax/xhr.js
244 silly gunzTarPerm modified mode [ 'src/ajax/xhr.js', 420, 438 ]
245 silly gunzTarPerm extractEntry src/ajax/var/location.js
246 silly gunzTarPerm modified mode [ 'src/ajax/var/location.js', 420, 438 ]
247 silly gunzTarPerm extractEntry src/ajax/var/nonce.js
248 silly gunzTarPerm modified mode [ 'src/ajax/var/nonce.js', 420, 438 ]
249 silly gunzTarPerm extractEntry src/ajax/var/rquery.js
250 silly gunzTarPerm modified mode [ 'src/ajax/var/rquery.js', 420, 438 ]
251 silly gunzTarPerm extractEntry src/queue/delay.js
252 silly gunzTarPerm modified mode [ 'src/queue/delay.js', 420, 438 ]
253 silly gunzTarPerm extractEntry src/event/ajax.js
254 silly gunzTarPerm modified mode [ 'src/event/ajax.js', 420, 438 ]
255 silly gunzTarPerm extractEntry src/event/alias.js
256 silly gunzTarPerm modified mode [ 'src/event/alias.js', 420, 438 ]
257 silly gunzTarPerm extractEntry src/event/focusin.js
258 silly gunzTarPerm modified mode [ 'src/event/focusin.js', 420, 438 ]
259 silly gunzTarPerm extractEntry src/event/support.js
260 silly gunzTarPerm modified mode [ 'src/event/support.js', 420, 438 ]
261 silly gunzTarPerm extractEntry src/event/trigger.js
262 silly gunzTarPerm modified mode [ 'src/event/trigger.js', 420, 438 ]
263 silly gunzTarPerm extractEntry src/effects/Tween.js
264 silly gunzTarPerm modified mode [ 'src/effects/Tween.js', 420, 438 ]
265 silly gunzTarPerm extractEntry src/effects/animatedSelector.js
266 silly gunzTarPerm modified mode [ 'src/effects/animatedSelector.js', 420, 438 ]
267 silly gentlyRm C:\BY\Samples\01 JavaScript Pitfalls\14 jQuery\node_modules\.staging\angular-e0ceaebe\node_modules is being purged
268 verbose gentlyRm don't care about contents; nuking C:\BY\Samples\01 JavaScript Pitfalls\14 jQuery\node_modules\.staging\angular-e0ceaebe\node_modules
269 silly gunzTarPerm extractEntry src/effects/support.js
270 silly gunzTarPerm modified mode [ 'src/effects/support.js', 420, 438 ]
271 silly gunzTarPerm extractEntry src/deferred/exceptionHook.js
272 silly gunzTarPerm modified mode [ 'src/deferred/exceptionHook.js', 420, 438 ]
273 silly gunzTarPerm extractEntry src/exports/amd.js
274 silly gunzTarPerm modified mode [ 'src/exports/amd.js', 420, 438 ]
275 silly gunzTarPerm extractEntry src/exports/global.js
276 silly gunzTarPerm modified mode [ 'src/exports/global.js', 420, 438 ]
277 silly gunzTarPerm extractEntry src/css/addGetHookIf.js
278 silly gunzTarPerm modified mode [ 'src/css/addGetHookIf.js', 420, 438 ]
279 silly gunzTarPerm extractEntry src/css/adjustCSS.js
280 silly gunzTarPerm modified mode [ 'src/css/adjustCSS.js', 420, 438 ]
281 silly gunzTarPerm extractEntry src/css/curCSS.js
282 silly gunzTarPerm modified mode [ 'src/css/curCSS.js', 420, 438 ]
283 silly gunzTarPerm extractEntry src/css/defaultDisplay.js
284 silly gunzTarPerm modified mode [ 'src/css/defaultDisplay.js', 420, 438 ]
285 silly gunzTarPerm extractEntry src/css/hiddenVisibleSelectors.js
286 silly gunzTarPerm modified mode [ 'src/css/hiddenVisibleSelectors.js', 420, 438 ]
287 silly gunzTarPerm extractEntry src/css/showHide.js
288 silly gunzTarPerm modified mode [ 'src/css/showHide.js', 420, 438 ]
289 silly gunzTarPerm extractEntry src/css/support.js
290 silly gunzTarPerm modified mode [ 'src/css/support.js', 420, 438 ]
291 silly gunzTarPerm extractEntry src/css/var/cssExpand.js
292 silly gunzTarPerm modified mode [ 'src/css/var/cssExpand.js', 420, 438 ]
293 silly gunzTarPerm extractEntry src/css/var/getStyles.js
294 silly gunzTarPerm modified mode [ 'src/css/var/getStyles.js', 420, 438 ]
295 silly gunzTarPerm extractEntry src/css/var/isHidden.js
296 silly gunzTarPerm modified mode [ 'src/css/var/isHidden.js', 420, 438 ]
297 silly gunzTarPerm extractEntry src/css/var/rmargin.js
298 silly gunzTarPerm modified mode [ 'src/css/var/rmargin.js', 420, 438 ]
299 silly gunzTarPerm extractEntry src/css/var/rnumnonpx.js
300 silly gunzTarPerm modified mode [ 'src/css/var/rnumnonpx.js', 420, 438 ]
301 silly gunzTarPerm extractEntry src/css/var/swap.js
302 silly gunzTarPerm modified mode [ 'src/css/var/swap.js', 420, 438 ]
303 silly gunzTarPerm extractEntry src/core/DOMEval.js
304 silly gunzTarPerm modified mode [ 'src/core/DOMEval.js', 420, 438 ]
305 silly gunzTarPerm extractEntry src/core/access.js
306 silly gunzTarPerm modified mode [ 'src/core/access.js', 420, 438 ]
307 silly gunzTarPerm extractEntry src/core/init.js
308 silly gunzTarPerm modified mode [ 'src/core/init.js', 420, 438 ]
309 silly gunzTarPerm extractEntry src/core/parseHTML.js
310 silly gunzTarPerm modified mode [ 'src/core/parseHTML.js', 420, 438 ]
311 silly gunzTarPerm extractEntry src/core/ready.js
312 silly gunzTarPerm modified mode [ 'src/core/ready.js', 420, 438 ]
313 silly gunzTarPerm extractEntry src/core/support.js
314 silly gunzTarPerm modified mode [ 'src/core/support.js', 420, 438 ]
315 silly gunzTarPerm extractEntry src/core/var/rsingleTag.js
316 silly gunzTarPerm modified mode [ 'src/core/var/rsingleTag.js', 420, 438 ]
317 silly gunzTarPerm extractEntry src/traversing/findFilter.js
318 silly gunzTarPerm modified mode [ 'src/traversing/findFilter.js', 420, 438 ]
319 silly gunzTarPerm extractEntry src/traversing/var/dir.js
320 silly gunzTarPerm modified mode [ 'src/traversing/var/dir.js', 420, 438 ]
321 silly gunzTarPerm extractEntry src/traversing/var/rneedsContext.js
322 silly gunzTarPerm modified mode [ 'src/traversing/var/rneedsContext.js', 420, 438 ]
323 silly gunzTarPerm extractEntry src/traversing/var/siblings.js
324 silly gunzTarPerm modified mode [ 'src/traversing/var/siblings.js', 420, 438 ]
325 silly gunzTarPerm extractEntry src/attributes/attr.js
326 silly gunzTarPerm modified mode [ 'src/attributes/attr.js', 420, 438 ]
327 silly gunzTarPerm extractEntry src/attributes/classes.js
328 silly gunzTarPerm modified mode [ 'src/attributes/classes.js', 420, 438 ]
329 silly gunzTarPerm extractEntry src/attributes/prop.js
330 silly gunzTarPerm modified mode [ 'src/attributes/prop.js', 420, 438 ]
331 silly gunzTarPerm extractEntry src/attributes/support.js
332 silly gunzTarPerm modified mode [ 'src/attributes/support.js', 420, 438 ]
333 silly gunzTarPerm extractEntry src/attributes/val.js
334 silly gunzTarPerm modified mode [ 'src/attributes/val.js', 420, 438 ]
335 silly gunzTarPerm extractEntry src/var/arr.js
336 silly gunzTarPerm modified mode [ 'src/var/arr.js', 420, 438 ]
337 silly gunzTarPerm extractEntry src/var/document.js
338 silly gunzTarPerm modified mode [ 'src/var/document.js', 420, 438 ]
339 silly gunzTarPerm extractEntry src/var/documentElement.js
340 silly gunzTarPerm modified mode [ 'src/var/documentElement.js', 420, 438 ]
341 silly gunzTarPerm extractEntry src/var/hasOwn.js
342 silly gunzTarPerm modified mode [ 'src/var/hasOwn.js', 420, 438 ]
343 silly gunzTarPerm extractEntry src/var/deletedIds.js
344 silly gunzTarPerm modified mode [ 'src/var/deletedIds.js', 420, 438 ]
345 silly gunzTarPerm extractEntry src/var/pnum.js
346 silly gunzTarPerm modified mode [ 'src/var/pnum.js', 420, 438 ]
347 silly gunzTarPerm extractEntry src/var/push.js
348 silly gunzTarPerm modified mode [ 'src/var/push.js', 420, 438 ]
349 silly gunzTarPerm extractEntry src/var/rcssNum.js
350 silly gunzTarPerm modified mode [ 'src/var/rcssNum.js', 420, 438 ]
351 silly gunzTarPerm extractEntry src/var/rnotwhite.js
352 silly gunzTarPerm modified mode [ 'src/var/rnotwhite.js', 420, 438 ]
353 silly gunzTarPerm extractEntry src/var/slice.js
354 silly gunzTarPerm modified mode [ 'src/var/slice.js', 420, 438 ]
355 silly gunzTarPerm extractEntry src/var/concat.js
356 silly gunzTarPerm modified mode [ 'src/var/concat.js', 420, 438 ]
357 silly gunzTarPerm extractEntry src/var/support.js
358 silly gunzTarPerm modified mode [ 'src/var/support.js', 420, 438 ]
359 silly gunzTarPerm extractEntry src/var/class2type.js
360 silly gunzTarPerm modified mode [ 'src/var/class2type.js', 420, 438 ]
361 silly gunzTarPerm extractEntry src/var/toString.js
362 silly gunzTarPerm modified mode [ 'src/var/toString.js', 420, 438 ]
363 silly gunzTarPerm extractEntry src/var/indexOf.js
364 silly gunzTarPerm modified mode [ 'src/var/indexOf.js', 420, 438 ]
365 silly gunzTarPerm extractEntry src/.jshintrc
366 silly gunzTarPerm modified mode [ 'src/.jshintrc', 420, 438 ]
367 silly gentlyRm C:\BY\Samples\01 JavaScript Pitfalls\14 jQuery\node_modules\.staging\jquery-a0c65282\node_modules is being purged
368 verbose gentlyRm don't care about contents; nuking C:\BY\Samples\01 JavaScript Pitfalls\14 jQuery\node_modules\.staging\jquery-a0c65282\node_modules
369 silly doParallel preinstall 2
370 silly preinstall angular@1.5.0 C:\BY\Samples\01 JavaScript Pitfalls\14 jQuery\node_modules\.staging\angular-e0ceaebe
371 info lifecycle angular@1.5.0~preinstall: angular@1.5.0
372 silly preinstall jquery@2.2.1 C:\BY\Samples\01 JavaScript Pitfalls\14 jQuery\node_modules\.staging\jquery-a0c65282
373 info lifecycle jquery@2.2.1~preinstall: jquery@2.2.1
374 silly lifecycle angular@1.5.0~preinstall: no script for preinstall, continuing
375 silly lifecycle jquery@2.2.1~preinstall: no script for preinstall, continuing
376 silly doReverseSerial remove 0
377 silly doSerial move 0
378 silly doSerial finalize 2
379 silly finalize C:\BY\Samples\01 JavaScript Pitfalls\14 jQuery\node_modules\angular
380 silly finalize C:\BY\Samples\01 JavaScript Pitfalls\14 jQuery\node_modules\jquery
381 verbose unlock done using C:\Users\ocalvo\AppData\Roaming\npm-cache\_locks\staging-4b5600e5f126e81e.lock for C:\BY\Samples\01 JavaScript Pitfalls\14 jQuery\node_modules\.staging
382 silly rollbackFailedOptional Starting
383 silly rollbackFailedOptional Finishing
384 silly runTopLevelLifecycles Starting
385 silly runTopLevelLifecycles Finishing
386 silly install printInstalled
387 warn enoent ENOENT: no such file or directory, open 'C:\BY\Samples\01 JavaScript Pitfalls\14 jQuery\package.json'
388 warn 14 jQuery No description
389 warn 14 jQuery No repository field.
390 warn 14 jQuery No README data
391 warn 14 jQuery No license field.
392 verbose stack Error: EPERM: operation not permitted, rename 'C:\BY\Samples\01 JavaScript Pitfalls\14 jQuery\node_modules\jquery' -> 'C:\BY\Samples\01 JavaScript Pitfalls\14 jQuery\node_modules\.jquery.DELETE'
392 verbose stack     at moveAway (C:\Program Files\nodejs\node_modules\npm\lib\install\action\finalize.js:38:5)
392 verbose stack     at destStatted (C:\Program Files\nodejs\node_modules\npm\lib\install\action\finalize.js:27:7)
392 verbose stack     at FSReqWrap.oncomplete (fs.js:82:15)
392 verbose stack
392 verbose stack Error: EPERM: operation not permitted, rename 'C:\BY\Samples\01 JavaScript Pitfalls\14 jQuery\node_modules\jquery' -> 'C:\BY\Samples\01 JavaScript Pitfalls\14 jQuery\node_modules\.jquery.DELETE'
392 verbose stack     at Error (native)
393 verbose cwd C:\BY\Samples\01 JavaScript Pitfalls\14 jQuery
394 error Windows_NT 6.1.7601
395 error argv "C:\\Program Files\\nodejs\\node.exe" "C:\\Program Files\\nodejs\\node_modules\\npm\\bin\\npm-cli.js" "install" "angular"
396 error node v5.6.0
397 error npm  v3.6.0
398 error path C:\BY\Samples\01 JavaScript Pitfalls\14 jQuery\node_modules\jquery
399 error code EPERM
400 error errno -4048
401 error syscall rename
402 error Error: EPERM: operation not permitted, rename 'C:\BY\Samples\01 JavaScript Pitfalls\14 jQuery\node_modules\jquery' -> 'C:\BY\Samples\01 JavaScript Pitfalls\14 jQuery\node_modules\.jquery.DELETE'
402 error     at moveAway (C:\Program Files\nodejs\node_modules\npm\lib\install\action\finalize.js:38:5)
402 error     at destStatted (C:\Program Files\nodejs\node_modules\npm\lib\install\action\finalize.js:27:7)
402 error     at FSReqWrap.oncomplete (fs.js:82:15)
402 error
402 error Error: EPERM: operation not permitted, rename 'C:\BY\Samples\01 JavaScript Pitfalls\14 jQuery\node_modules\jquery' -> 'C:\BY\Samples\01 JavaScript Pitfalls\14 jQuery\node_modules\.jquery.DELETE'
402 error     at Error (native)
402 error  [Error: EPERM: operation not permitted, rename 'C:\BY\Samples\01 JavaScript Pitfalls\14 jQuery\node_modules\jquery' -> 'C:\BY\Samples\01 JavaScript Pitfalls\14 jQuery\node_modules\.jquery.DELETE']
403 error Please try running this command again as root/Administrator.
404 verbose exit [ -4048, true ]
